<?xml version="1.0" encoding="utf-8" standalone="no"?>
<!--This file represents the results of running a test suite-->
<test-results name="WeatherAppTests/bin/Debug/BddWithXamarinUITest.dll" total="0" failures="0" not-run="1" date="2017-03-30" time="11:21:46">
  <environment nunit-version="2.4.8.0" clr-version="4.0.30319.42000" os-version="Unix 15.5.0.0" platform="Unix" cwd="/Users/tejasv2/Documents/workbackup/Xamarin_Projects/weather-bdd-crossplatform-tests" machine-name="Tejs-MBP.home" user="tejasv2" user-domain="Tejs-MBP.home" />
  <culture-info current-culture="en-GB" current-uiculture="en-GB" />
  <test-suite name="WeatherAppTests/bin/Debug/BddWithXamarinUITest.dll" success="True" time="0.020" asserts="0">
    <results>
      <test-suite name="BddWithXamarinUITest" success="True" time="0.019" asserts="0">
        <results>
          <test-suite name="AddingATaskFeature" description="Adding a task" success="True" time="0.003" asserts="0">
            <results>
              <test-case name="BddWithXamarinUITest.AddingATaskFeature.VerifyHomeScreen" description="Verify Home screen" executed="False">
                <reason>
                  <message><![CDATA[BddWithXamarinUITest.AddingATaskFeature does not have a valid constructor]]></message>
                </reason>
              </test-case>
            </results>
          </test-suite>
          <test-suite name="FeatureBase" success="True" time="0.000" asserts="0">
            <results />
          </test-suite>
        </results>
      </test-suite>
    </results>
  </test-suite>
</test-results>